{"C:\\cqs.js\\tests\\mock-data.ts": {"path":"C:\\cqs.js\\tests\\mock-data.ts","statementMap":{"0":{"start":{"line":1,"column":8},"end":{"line":1,"column":9}},"1":{"start":{"line":4,"column":2},"end":{"line":4,"column":13}},"2":{"start":{"line":11,"column":9},"end":{"line":11,"column":13}},"3":{"start":{"line":8,"column":2},"end":{"line":8,"column":11}},"4":{"start":{"line":11,"column":15},"end":{"line":11,"column":26}}},"fnMap":{"0":{"name":"summ","decl":{"start":{"line":3,"column":9},"end":{"line":3,"column":13}},"loc":{"start":{"line":3,"column":28},"end":{"line":5,"column":1}}},"1":{"name":"getVariable","decl":{"start":{"line":7,"column":9},"end":{"line":7,"column":20}},"loc":{"start":{"line":7,"column":20},"end":{"line":9,"column":1}}}},"branchMap":{"0":{"loc":{"start":{"line":3,"column":14},"end":{"line":3,"column":28}},"type":"default-arg","locations":[{"start":{"line":3,"column":26},"end":{"line":3,"column":28}}]}},"s":{"0":3,"1":2,"2":3,"3":1,"4":3},"f":{"0":2,"1":1},"b":{"0":[2]}}
}
