{"C:\\cqs.js\\lib\\utils\\store.ts": {"path":"C:\\cqs.js\\lib\\utils\\store.ts","statementMap":{"0":{"start":{"line":13,"column":4},"end":{"line":13,"column":20}},"1":{"start":{"line":17,"column":4},"end":{"line":17,"column":34}},"2":{"start":{"line":21,"column":22},"end":{"line":21,"column":71}},"3":{"start":{"line":21,"column":51},"end":{"line":21,"column":70}},"4":{"start":{"line":23,"column":4},"end":{"line":25,"column":7}},"5":{"start":{"line":24,"column":6},"end":{"line":24,"column":63}},"6":{"start":{"line":24,"column":37},"end":{"line":24,"column":63}},"7":{"start":{"line":29,"column":4},"end":{"line":29,"column":63}},"8":{"start":{"line":29,"column":38},"end":{"line":29,"column":61}},"9":{"start":{"line":33,"column":9},"end":{"line":33,"column":14}}},"fnMap":{"0":{"name":"(anonymous_0)","decl":{"start":{"line":12,"column":2},"end":{"line":12,"column":null}},"loc":{"start":{"line":12,"column":2},"end":{"line":14,"column":3}}},"1":{"name":"(anonymous_1)","decl":{"start":{"line":16,"column":9},"end":{"line":16,"column":17}},"loc":{"start":{"line":16,"column":45},"end":{"line":18,"column":3}}},"2":{"name":"(anonymous_2)","decl":{"start":{"line":20,"column":9},"end":{"line":20,"column":19}},"loc":{"start":{"line":20,"column":48},"end":{"line":26,"column":3}}},"3":{"name":"(anonymous_3)","decl":{"start":{"line":21,"column":40},"end":{"line":21,"column":41}},"loc":{"start":{"line":21,"column":51},"end":{"line":21,"column":70}}},"4":{"name":"(anonymous_4)","decl":{"start":{"line":23,"column":21},"end":{"line":23,"column":22}},"loc":{"start":{"line":23,"column":38},"end":{"line":25,"column":5}}},"5":{"name":"(anonymous_5)","decl":{"start":{"line":28,"column":9},"end":{"line":28,"column":27}},"loc":{"start":{"line":28,"column":41},"end":{"line":30,"column":3}}},"6":{"name":"(anonymous_6)","decl":{"start":{"line":29,"column":27},"end":{"line":29,"column":28}},"loc":{"start":{"line":29,"column":38},"end":{"line":29,"column":61}}}},"branchMap":{"0":{"loc":{"start":{"line":24,"column":6},"end":{"line":24,"column":63}},"type":"if","locations":[{"start":{"line":24,"column":6},"end":{"line":24,"column":63}}]}},"s":{"0":1,"1":0,"2":0,"3":0,"4":0,"5":0,"6":0,"7":0,"8":0,"9":1},"f":{"0":1,"1":0,"2":0,"3":0,"4":0,"5":0,"6":0},"b":{"0":[0]}}
}
